<?xml version="1.0" encoding="UTF-8"?>
<testng-results skipped="0" failed="0" ignored="0" total="1" passed="1">
  <reporter-output>
  </reporter-output>
  <suite name="Default suite" duration-ms="4147" started-at="2022-07-09T02:58:58 GMT-05:00" finished-at="2022-07-09T02:59:02 GMT-05:00">
    <groups>
    </groups>
    <test name="Default test" duration-ms="4147" started-at="2022-07-09T02:58:58 GMT-05:00" finished-at="2022-07-09T02:59:02 GMT-05:00">
      <class name="test.TestQ3">
        <test-method status="PASS" signature="runBefore()[pri:0, instance:test.TestQ3@7d70d1b1]" name="runBefore" is-config="true" duration-ms="3223" started-at="2022-07-09T02:58:58 GMT-05:00" finished-at="2022-07-09T02:59:01 GMT-05:00">
          <reporter-output>
          </reporter-output>
        </test-method> <!-- runBefore -->
        <test-method status="PASS" signature="validateMonthDropDownHasAllMonths()[pri:1, instance:test.TestQ3@7d70d1b1]" name="validateMonthDropDownHasAllMonths" duration-ms="243" started-at="2022-07-09T02:59:01 GMT-05:00" finished-at="2022-07-09T02:59:02 GMT-05:00">
          <reporter-output>
          </reporter-output>
        </test-method> <!-- validateMonthDropDownHasAllMonths -->
        <test-method status="PASS" signature="runAfter()[pri:0, instance:test.TestQ3@7d70d1b1]" name="runAfter" is-config="true" duration-ms="643" started-at="2022-07-09T02:59:02 GMT-05:00" finished-at="2022-07-09T02:59:02 GMT-05:00">
          <reporter-output>
          </reporter-output>
        </test-method> <!-- runAfter -->
      </class> <!-- test.TestQ3 -->
    </test> <!-- Default test -->
  </suite> <!-- Default suite -->
</testng-results>
